#
# There is insufficient memory for the Java Runtime Environment to continue.
# Native memory allocation (mmap) failed to map 130023424 bytes for Failed to commit area from 0x0000000084c00000 to 0x000000008c800000 of length 130023424.
# Possible reasons:
#   The system is out of physical RAM or swap space
#   The process is running with CompressedOops enabled, and the Java Heap may be blocking the growth of the native heap
# Possible solutions:
#   Reduce memory load on the system
#   Increase physical memory or swap space
#   Check if swap backing store is full
#   Decrease Java heap size (-Xmx/-Xms)
#   Decrease number of Java threads
#   Decrease Java thread stack sizes (-Xss)
#   Set larger code cache with -XX:ReservedCodeCacheSize=
# This output file may be truncated or incomplete.
#
#  Out of Memory Error (./src/hotspot/os/windows/os_windows.cpp:3387), pid=30156, tid=22024
#
# JRE version:  (11.0.14.1+1) (build )
# Java VM: OpenJDK 64-Bit Server VM (11.0.14.1+1-LTS, mixed mode, sharing, tiered, compressed oops, g1 gc, windows-amd64)
# No core dump will be written. Minidumps are not enabled by default on client versions of Windows
#

---------------  S U M M A R Y ------------

Command Line: -Dclassworlds.conf=C:\Program Files\NetBeans-16\netbeans\java\maven\bin\m2.conf -Dmaven.home=C:\Program Files\NetBeans-16\netbeans\java\maven -Dlibrary.jansi.path=C:\Program Files\NetBeans-16\netbeans\java\maven\lib\jansi-native -Dmaven.multiModuleProjectDirectory=C:\code\code_Java\NetWork\ExamApp\mavenproject1 org.codehaus.plexus.classworlds.launcher.Launcher -Dexec.vmArgs= -Dexec.args=${exec.vmArgs} -classpath %classpath ${exec.mainClass} ${exec.appArgs} -Dexec.executable=C:\Program Files\BellSoft\LibericaJDK-11\bin\java.exe -Dexec.mainClass=com.mycompany.mavenproject1.Client -Dexec.classpathScope=runtime -Dexec.appArgs= -Dmaven.ext.class.path=C:\Program Files\NetBeans-16\netbeans\java\maven-nblib\netbeans-eventspy.jar -Dfile.encoding=UTF-8 org.codehaus.mojo:exec-maven-plugin:3.0.0:exec

Host: 11th Gen Intel(R) Core(TM) i5-1135G7 @ 2.40GHz, 8 cores, 7G,  Windows 11 , 64 bit Build 22621 (10.0.22621.1194)
Time: Wed Mar 22 21:18:20 2023 SE Asia Standard Time elapsed time: 0.012272 seconds (0d 0h 0m 0s)

---------------  T H R E A D  ---------------

Current thread (0x0000026e0d67d800):  JavaThread "Unknown thread" [_thread_in_vm, id=22024, stack(0x000000b64b100000,0x000000b64b200000)]

Stack: [0x000000b64b100000,0x000000b64b200000]
Native frames: (J=compiled Java code, j=interpreted, Vv=VM code, C=native code)
V  [jvm.dll+0x61e57a]
V  [jvm.dll+0x7aac89]
V  [jvm.dll+0x7ac378]
V  [jvm.dll+0x7aca53]
V  [jvm.dll+0x24f9b8]
V  [jvm.dll+0x61b81a]
V  [jvm.dll+0x6100a5]
V  [jvm.dll+0x30770c]
V  [jvm.dll+0x307592]
V  [jvm.dll+0x30c2b6]
V  [jvm.dll+0x35270f]
V  [jvm.dll+0x352140]
V  [jvm.dll+0x2e4708]
V  [jvm.dll+0x2e5866]
V  [jvm.dll+0x784ae7]
V  [jvm.dll+0x78626f]
V  [jvm.dll+0x35f459]
V  [jvm.dll+0x767a80]
V  [jvm.dll+0x3cceff]
V  [jvm.dll+0x3cf291]
C  [jli.dll+0x5207]
C  [ucrtbase.dll+0x29363]
C  [KERNEL32.DLL+0x126bd]
C  [ntdll.dll+0x5dfb8]


---------------  P R O C E S S  ---------------

Threads class SMR info:
_java_thread_list=0x0000026e0b338610, length=0, elements={
}

Java Threads: ( => current thread )

Other Threads:
  0x0000026e0d698000 GCTaskThread "GC Thread#0" [stack: 0x000000b64b200000,0x000000b64b300000] [id=28388]
  0x0000026e0d6ca800 ConcurrentGCThread "G1 Main Marker" [stack: 0x000000b64b300000,0x000000b64b400000] [id=2844]
  0x0000026e0d6cc800 ConcurrentGCThread "G1 Conc#0" [stack: 0x000000b64b400000,0x000000b64b500000] [id=10880]

[error occurred during error reporting (printing all threads), id 0xc0000005, EXCEPTION_ACCESS_VIOLATION (0xc0000005) at pc=0x00007ffc82a63ed7]

VM state:not at safepoint (not fully initialized)

VM Mutex/Monitor currently owned by a thread:  ([mutex/lock_event])
[0x0000026e0d679cc0] Heap_lock - owner thread: 0x0000026e0d67d800

Heap address: 0x0000000084c00000, size: 1972 MB, Compressed Oops mode: Non-zero based: 0x0000000084c00000
Narrow klass base: 0x0000000000000000, Narrow klass shift: 0

GC Heap History (0 events):
No events

Deoptimization events (0 events):
No events

Classes redefined (0 events):
No events

Internal exceptions (0 events):
No events

Events (1 events):
Event: 0.008 Loaded shared library C:\Program Files\BellSoft\LibericaJDK-11\bin\zip.dll


Dynamic libraries:
0x00007ff7224c0000 - 0x00007ff7224cd000 	C:\Program Files\BellSoft\LibericaJDK-11\bin\java.exe
0x00007ffce6a50000 - 0x00007ffce6c64000 	C:\WINDOWS\SYSTEM32\ntdll.dll
0x00007ffce5540000 - 0x00007ffce5603000 	C:\WINDOWS\System32\KERNEL32.DLL
0x00007ffce3e60000 - 0x00007ffce41fc000 	C:\WINDOWS\System32\KERNELBASE.dll
0x00007ffce4410000 - 0x00007ffce4521000 	C:\WINDOWS\System32\ucrtbase.dll
0x00007ffcd5530000 - 0x00007ffcd5547000 	C:\Program Files\BellSoft\LibericaJDK-11\bin\jli.dll
0x00007ffcdb300000 - 0x00007ffcdb315000 	C:\Program Files\BellSoft\LibericaJDK-11\bin\VCRUNTIME140.dll
0x00007ffce6030000 - 0x00007ffce61dd000 	C:\WINDOWS\System32\USER32.dll
0x00007ffce45a0000 - 0x00007ffce45c6000 	C:\WINDOWS\System32\win32u.dll
0x00007ffcd2a30000 - 0x00007ffcd2cbe000 	C:\WINDOWS\WinSxS\amd64_microsoft.windows.common-controls_6595b64144ccf1df_6.0.22621.608_none_a9444ca7c10bb01d\COMCTL32.dll
0x00007ffce5630000 - 0x00007ffce5659000 	C:\WINDOWS\System32\GDI32.dll
0x00007ffce5ea0000 - 0x00007ffce5f47000 	C:\WINDOWS\System32\msvcrt.dll
0x00007ffce4690000 - 0x00007ffce47a2000 	C:\WINDOWS\System32\gdi32full.dll
0x00007ffce4200000 - 0x00007ffce429a000 	C:\WINDOWS\System32\msvcp_win.dll
0x00007ffce4c90000 - 0x00007ffce4cc2000 	C:\WINDOWS\System32\IMM32.DLL
0x00007ffcd3250000 - 0x00007ffcd32eb000 	C:\Program Files\BellSoft\LibericaJDK-11\bin\msvcp140.dll
0x00007ffc82770000 - 0x00007ffc832f0000 	C:\Program Files\BellSoft\LibericaJDK-11\bin\server\jvm.dll
0x00007ffce6770000 - 0x00007ffce681e000 	C:\WINDOWS\System32\ADVAPI32.dll
0x00007ffce4db0000 - 0x00007ffce4e54000 	C:\WINDOWS\System32\sechost.dll
0x00007ffce4fa0000 - 0x00007ffce50b5000 	C:\WINDOWS\System32\RPCRT4.dll
0x00007ffce6640000 - 0x00007ffce6648000 	C:\WINDOWS\System32\PSAPI.DLL
0x00007ffcdb450000 - 0x00007ffcdb459000 	C:\WINDOWS\SYSTEM32\WSOCK32.dll
0x00007ffcd96c0000 - 0x00007ffcd96ca000 	C:\WINDOWS\SYSTEM32\VERSION.dll
0x00007ffcdaa00000 - 0x00007ffcdaa34000 	C:\WINDOWS\SYSTEM32\WINMM.dll
0x00007ffce4ec0000 - 0x00007ffce4f31000 	C:\WINDOWS\System32\WS2_32.dll
0x00007ffce2e80000 - 0x00007ffce2e98000 	C:\WINDOWS\SYSTEM32\kernel.appcore.dll
0x00007ffcdab80000 - 0x00007ffcdab90000 	C:\Program Files\BellSoft\LibericaJDK-11\bin\verify.dll
0x00007ffce1800000 - 0x00007ffce1a2e000 	C:\WINDOWS\SYSTEM32\DBGHELP.DLL
0x00007ffce4850000 - 0x00007ffce4bda000 	C:\WINDOWS\System32\combase.dll
0x00007ffce5f50000 - 0x00007ffce6027000 	C:\WINDOWS\System32\OLEAUT32.dll
0x00007ffcd56c0000 - 0x00007ffcd56f2000 	C:\WINDOWS\SYSTEM32\dbgcore.DLL
0x00007ffce47b0000 - 0x00007ffce482b000 	C:\WINDOWS\System32\bcryptPrimitives.dll
0x00007ffcdad00000 - 0x00007ffcdad28000 	C:\Program Files\BellSoft\LibericaJDK-11\bin\java.dll
0x00007ffcda110000 - 0x00007ffcda11a000 	C:\Program Files\BellSoft\LibericaJDK-11\bin\jimage.dll
0x00007ffcda0f0000 - 0x00007ffcda108000 	C:\Program Files\BellSoft\LibericaJDK-11\bin\zip.dll

dbghelp: loaded successfully - version: 4.0.5 - missing functions: none
symbol engine: initialized successfully - sym options: 0x614 - pdb path: .;C:\Program Files\BellSoft\LibericaJDK-11\bin;C:\WINDOWS\SYSTEM32;C:\WINDOWS\WinSxS\amd64_microsoft.windows.common-controls_6595b64144ccf1df_6.0.22621.608_none_a9444ca7c10bb01d;C:\Program Files\BellSoft\LibericaJDK-11\bin\server

VM Arguments:
jvm_args: -Dclassworlds.conf=C:\Program Files\NetBeans-16\netbeans\java\maven\bin\m2.conf -Dmaven.home=C:\Program Files\NetBeans-16\netbeans\java\maven -Dlibrary.jansi.path=C:\Program Files\NetBeans-16\netbeans\java\maven\lib\jansi-native -Dmaven.multiModuleProjectDirectory=C:\code\code_Java\NetWork\ExamApp\mavenproject1 
java_command: org.codehaus.plexus.classworlds.launcher.Launcher -Dexec.vmArgs= -Dexec.args=${exec.vmArgs} -classpath %classpath ${exec.mainClass} ${exec.appArgs} -Dexec.executable=C:\Program Files\BellSoft\LibericaJDK-11\bin\java.exe -Dexec.mainClass=com.mycompany.mavenproject1.Client -Dexec.classpathScope=runtime -Dexec.appArgs= -Dmaven.ext.class.path=C:\Program Files\NetBeans-16\netbeans\java\maven-nblib\netbeans-eventspy.jar -Dfile.encoding=UTF-8 org.codehaus.mojo:exec-maven-plugin:3.0.0:exec
java_class_path (initial): C:\Program Files\NetBeans-16\netbeans\java\maven\boot\plexus-classworlds-2.6.0.jar
Launcher Type: SUN_STANDARD

[Global flags]
     intx CICompilerCount                          = 4                                         {product} {ergonomic}
     uint ConcGCThreads                            = 2                                         {product} {ergonomic}
     uint G1ConcRefinementThreads                  = 8                                         {product} {ergonomic}
   size_t G1HeapRegionSize                         = 1048576                                   {product} {ergonomic}
    uintx GCDrainStackTargetSize                   = 64                                        {product} {ergonomic}
   size_t InitialHeapSize                          = 130023424                                 {product} {ergonomic}
   size_t MarkStackSize                            = 4194304                                   {product} {ergonomic}
   size_t MaxHeapSize                              = 2067791872                                {product} {ergonomic}
   size_t MinHeapDeltaBytes                        = 1048576                                   {product} {ergonomic}
    uintx NonNMethodCodeHeapSize                   = 5836300                                {pd product} {ergonomic}
    uintx NonProfiledCodeHeapSize                  = 122910970                              {pd product} {ergonomic}
    uintx ProfiledCodeHeapSize                     = 122910970                              {pd product} {ergonomic}
    uintx ReservedCodeCacheSize                    = 251658240                              {pd product} {ergonomic}
     bool SegmentedCodeCache                       = true                                      {product} {ergonomic}
     bool UseCompressedClassPointers               = true                                 {lp64_product} {ergonomic}
     bool UseCompressedOops                        = true                                 {lp64_product} {ergonomic}
     bool UseG1GC                                  = true                                      {product} {ergonomic}
     bool UseLargePagesIndividualAllocation        = false                                  {pd product} {ergonomic}

Logging:
Log output configuration:
 #0: stdout all=warning uptime,level,tags
 #1: stderr all=off uptime,level,tags

Environment Variables:
JAVA_HOME=C:\Program Files\BellSoft\LibericaJDK-11
PATH=C:\Program Files\Eclipse Adoptium\jdk-11.0.14.9-hotspot\bin;C:\ProgramData\chocolatey\bin;C:\Program Files\nodejs\;C:\Program Files\Git\cmd;C:\Program Files (x86)\dotnet\;C:\Program Files\Microsoft SQL Server\Client SDK\ODBC\170\Tools\Binn\;C:\Program Files (x86)\Microsoft SQL Server\150\Tools\Binn\;C:\Program Files\Microsoft SQL Server\150\Tools\Binn\;C:\Program Files\Microsoft SQL Server\150\DTS\Binn\;C:\Program Files (x86)\Microsoft SQL Server\150\DTS\Binn\;C:\Program Files\Azure Data Studio\bin;C:\WINDOWS\system32;C:\WINDOWS;C:\WINDOWS\System32\Wbem;C:\WINDOWS\System32\WindowsPowerShell\v1.0\;C:\WINDOWS\System32\OpenSSH\;C:\Program Files\Docker\Docker\resources\bin;C:\Users\PC\AppData\Local\Microsoft\WindowsApps;C:\Users\PC\AppData\Local\Programs\Microsoft VS Code\bin;C:\msys64\mingw64\bin;C:\Users\PC\AppData\Local\Programs\Python\Python310\Scripts;C:\Users\PC\AppData\Roaming\npm;C:\Users\PC\AppData\Local\Programs\Microsoft VS Code Insiders\bin;C:\Program Files\Azure Data Studio\bin;C:\xampp\php;
USERNAME=PC
OS=Windows_NT
PROCESSOR_IDENTIFIER=Intel64 Family 6 Model 140 Stepping 1, GenuineIntel



---------------  S Y S T E M  ---------------

OS: Windows 11 , 64 bit Build 22621 (10.0.22621.1194)
OS uptime: 6 days 8:20 hours
Hyper-V role detected

CPU:total 8 (initial active 8) (4 cores per cpu, 2 threads per core) family 6 model 140 stepping 1 microcode 0x86, cmov, cx8, fxsr, mmx, sse, sse2, sse3, ssse3, sse4.1, sse4.2, popcnt, avx, avx2, aes, clmul, erms, 3dnowpref, lzcnt, ht, tsc, tscinvbit, bmi1, bmi2, adx, evex, sha, fma

Memory: 4k page, system-wide physical 7885M (483M free)
TotalPageFile size 32461M (AvailPageFile size 101M)
current process WorkingSet (physical memory assigned to process): 10M, peak: 10M
current process commit charge ("private bytes"): 60M, peak: 184M

vm_info: OpenJDK 64-Bit Server VM (11.0.14.1+1-LTS) for windows-amd64 JRE (11.0.14.1+1-LTS), built on Feb  7 2022 08:39:02 by "" with unknown MS VC++:1916

END.
